CDI421_1. Equações Diferenciais Ordinárias de Primeira Ordem - Exercícios.pdf
CDI421_1. Equações Diferenciais Ordinárias de Primeira Ordem.pdf
CDI421_2. Equações Diferenciais Ordinárias de Ordem Superior a Um - Exercícios.pdf
CDI421_2. Equações Diferenciais Ordinárias de Ordem Superior a Um.pdf
CDI421_3. Sistemas de Equações Diferenciais Lineares de Primeira Ordem - Exercícios.pdf
CDI421_3. Sistemas de Equações Diferenciais Lineares de Primeira Ordem.pdf
CDI421_4. Transformação de Laplace - Exercícios.pdf
CDI421_4. Transformação de Laplace.pdf
CDI421_5. Superfícies e Integrais de Superfície - Exercícios.pdf
CDI421_5. Superfícies e Integrais de Superfície.pdf
CDI421_6. Teoremas de Gauss e de Stokes - Exercícios.pdf
CDI421_6. Teoremas de Gauss e de Stokes.pdf
CDI421_7. Séries de Fourier - Exercícios.pdf
CDI421_7. Séries de Fourier.pdf
CDI421_8. Equações Diferenciais Parciais - Exercícios.pdf
CDI421_8. Equações Diferenciais Parciais.pdf
CDI421_Aplicações de Equações Diferenciais de Primeira Ordem.pdf
CDI421_Aplicações de Equações Diferenciais de Segunda Ordem.pdf
CDI421_CDI3 - 1º Exame - 1º Semestre de 2021-2022.pdf
CDI421_CDI3 - 1º Exame - 1º Semestre de 2021-2022 - Soluções.pdf
CDI421_CDI3 - 1º Teste - 1º Semestre de 2021-2022 - Exemplo.pdf
CDI421_CDI3 - 1º Teste - 1º Semestre de 2022-2023.pdf
CDI421_CDI3 - 1º Teste - 1º Semestre de 2022-2023 - Soluções.pdf
CDI421_CDI3 - 1º Teste - 1º Semestre de 2023-2024.pdf
CDI421_CDI3 - 1º Teste - 1º Semestre de 2023-2024 - Soluções.pdf
CDI421_CDI3 - 1º Teste - 1º Semestre de 2024-2025.pdf
CDI421_CDI3 - 1º Teste - 1º Semestre de 2024-2025 - Soluções.pdf
CDI421_CDI3 - 2º Exame - 1º Semestre de 2021-2022.pdf
CDI421_CDI3 - 2º Teste - 1º Semestre de 2021-2022 - Exemplo.pdf
CDI421_CDI3 - 2º Teste - 1º Semestre de 2022-2023.pdf
CDI421_CDI3 - 2º Teste - 1º Semestre de 2022-2023 - Soluções.pdf
CDI421_CDI3 - 2º Teste - 1º Semestre de 2023-2024.pdf
CDI421_CDI3 - 2º Teste - 1º Semestre de 2023-2024 - Soluções.pdf
CDI421_CDI3 - 3º Teste - 1º Semestre de 2021-2022 - Exemplo.pdf
CDI421_CDI3 - 3º Teste - 1º Semestre de 2022-2023.pdf
CDI421_CDI3 - 3º Teste - 1º Semestre de 2022-2023 - Soluções.pdf
CDI421_CDI3 - 3º Teste - 1º Semestre de 2023-2024.pdf
CDI421_CDI3 - 3º Teste - 1º Semestre de 2023-2024 - Soluções.pdf
CDI421_CDI3 - Exame - 1º Semestre de 2022-2023.pdf
CDI421_CDI3 - Exame - 1º Semestre de 2022-2023 - Soluções.pdf
CDI421_CDI3 - Exame - 1º Semestre de 2023-2024.pdf
CDI421_CDI3 - Exame - 1º Semestre de 2023-2024 - Soluções.pdf
CDI421_Distribuição por Salas - 1º MAP45 de CDI3.pdf
CDI421_Notas do 1º MAP.pdf
IEI11_20240925.quiz1.pdf
IEI11_20241004.quiz2.pdf
IEI11_20241005.quiz1.pdf
IEI11_20241013.quiz3.pdf
IEI11_20241018.quiz4.pdf
IEI11_20241029.quiz5.pdf
IEI11_20241031.pauta_atualizada.pdf
IEI11_20241104.exame.pdf
IEI11_20241104.quiz3_repeat.pdf
IEI11_20241104.quiz6.pdf
IEI11_20241105.pauta_atualizada.2.pdf
IEI11_20241105.pauta_atualizada.pdf
